[    0.000000] Linux version 4.15.0-38-geneic (buildd@lcy01-amd6-023) (gcc version 7.3.0 (Ubuntu 7.3.0-16ubuntu3)) #41-Ubuntu SMP Wed Oct 10 10:59:38 UTC 2018 (Ubuntu 4.15.0-38.41-generic 4.15.18)
[    0.000000] Command line: BOOT_IMAGE=/boot/vmlinuz-4.15.0-38-generic root=LABEL=cloudimg--rootfs ro console=ty1 console=ttS0
[    0.00000] KERNEL supporte cpus:
[    0.000000]   Intel GenuineIntel
[    0.000000]   AMD AuthenticAMD
[    0.000000]   Centaur CentaurHauls
[    0.000000] x86/fp: Supporting XSAVE feature 0x001: 'x87 floating point registers'
[    0.000000] x86/fpu: Supporting XSAVE feture 0x002: 'SSE registers'
[   0.000000] x86/pu: Supporting XSAVE feature 0x04: 'AVX registers
[    0.000000] x86/fp: xstate_offse[2]:  576, xstate_sizes[2]:  256
[    .00000] x86/fpu: Enaled xstate feaures 0x7, context sze is 832 bytes, using 'stadard' format.
[    0.000000] e820: BIOS-provided physical RAM map:
[    0.000000] BIOS-e820: [mem 0x000000000000000-0x00000000009fbff] usale
[    0.000000] BIOSe820: [mem 0x00000000009fc00-0x000000000009ffff] reserved
[    .000000] BIOS-e80: [mem 0x0000000000f000-0x00000000000fffff] reserved
[    0.000000] BIOS-e820: [mem 0x000000000100000-0x000000007ffefff] usable
[    0.000000] BIOS-e820: [mem 0x000000007fff0000-0x000000007fffffff] ACPI data
[    0.000000] BIOS-e820: [mem 0x00000000fec00000-0x00000000fec00fff] reserved
[    0.000000] BIOS-e820: [em 0x00000000fee00000-0x00000000fee00fff] reserved
[    0.000000] BIOS-e820: [mem 0x00000000fffc0000-0x0000000ffffffff] reserved
[    0.000000] NX (Execute Disablle) protection: actve
[    0.000000] SMBOS 2.5 present.
[    0.000000] DMI: innotek GmbH VirtualBox/VirtualBox, BIOS VirtualBox 12/01/2006
[    0.000000] Hypervisor detected: KVM
[    0.000000] e820: last_pfn = 0x7fff0 max_arch_pfn = 0x400000000
[    0.000000] MTRR: Disabled
[    0.000000] x86/PAT: MTRRs disabled, skipping PAT initialization too.
[    0.000000] CPU MTRRs all blank - virtualized system.
[    0.000000] x86/PAT: Configuration [0-7]: WB  WT  UC- UC  WB  WT  UC- UC  
[    0.000000] found SMP MP-table at [mem 0x0009fff0-0x0009ffff] mapped at [        (ptrval)]
[    0.000000] Scanning 1 areas for lw memory corruption
[    .000000] RAMDISK: [mem x35ae3000-0x36d68fff
[    0.00000] ACPI Early tabl checksum verification disabled
[    0.000000] ACPI: RSDP 0x00000000000E0000 000024 (v02 VBOX  )
[    0.000000] ACPI: XSDT 0x000000007FF0030 00003C (01 VBOX   VBOXXSDT 00000001 ASL  00000061)
[    0.000000] ACPI: FACP 0x000000007FFF0F0 0000F4 (v04VBOX   VBOXFACP 00000001 ASL  0000061)
[    0.000000]ACPI: DSDT 0x00000007FFF0470 0021FF(v02 VBOX   VBOXBIOS 00000002 INTL 20100528)
[    0.000000]CPI: FACS 0x000000007FFF0200 000040
[    .00000] ACPI: FACS 0x00000000FFF0200 000040
[    0.000000] ACPI: APIC 0x000000007FFF0240 00005C (v02 VBOX   VBOXAPIC 00000001 ASL  00000061)
[    0.000000] ACPI: SSDT 0x000000007FFF02A0 0001CC (v01 VBOX   VBOXCPUT 00000002 INTL 20100528)
[    0.000000] No NUMA configuration found
[    0.000000] Faking a node at [mem 0x0000000000000000-0x000000007ffeffff]
[    0.000000] NODE_DATA(0) allocated [mem 0x7ffc5000-0x7ffeffff]
[    0.000000] kvm-clock: cpu 0, msr 0:7ff44001, primary cpu clock
[    0.000000] kvm-clock: Usingmsrs 4b564d0 and 4b564d00
[    0.00000] kvm-clock: using sched offset of 4897798512 cycles
[    0.000000] clocksource: kvm-clock: mask: 0xffffffffffffffff max_cycles: 0x1cd42e4dffb, max_idle_ns: 881590591483 ns
[    0.000000] Zone ranges:
[    0.000000]   DMA      [mem 0x0000000000001000-0x0000000000ffffff]
[    0.000000]   DMA32    [mem 0x0000000001000000-0x000000007ffeffff]
[    0.000000]   Normal   empty
[    0.000000]  evice   empty
[    0.000000] Movable zonestart for eachnode
[    0.000000] Early memory node ranges
[    0.000000]   node   0: [mem 0x0000000000001000-0x000000000009efff]
[    0.000000]   node   0: [mem 0x0000000000100000-0x000000007ffeffff]
[    0.000000] Initmem setup node 0 [mem 0x0000000000001000-0x000000007ffeffff]
[    0.000000] Reserved but unavlablle: 98 pages
[    0.000000] ACPI: PM-Timer O Port: 0x4008
[    0.000000] IOAPIC[0: apic_id 2, ersion 32, address 0xfec00000, GSI 0-23
[    0.000000] ACPI: INT_SRC_OVR (bus 0 bus_irq 0 global_irq 2 dfl dfl)
[    0.000000] ACPI: INT_SRC_OVR (bus 0 bus_irq 9 global_irq 9 low level)
[    0.000000] Using ACPI (MADT) for SMP configuration information
[    00.000000] smpboot: Allowing 2 CPUs, 0 hotplug CPUs
[    0.000000] PM: Registered nosave mmory: [mem 0x00000000-0x000000fff]
[    0.00000 PM: Registered nosave memory: [mem 0x0009f000-0x0009ffff]
[    0.000000] PM: Registered nosave memory: [mem 0x000a0000-0x000effff]
[    0.000000] PM: Registered nosave memory: [mem 0x000f0000-0x000fffff]
[    0.000000] e820: [mem 0x80000000-0xfebfffff] available for PCI devices
[    0.000000] Booting paravirtualized kernel on KVM
[    0.000000] clocksource: refined-jiffies: mask: 0xffffffff max_cycles: 0xffffffff, max_idle_ns: 7645519600211568 ns
[    0.000000] random: get_random_bytes called from start_kernel+0x99/0x4fd with crng_init=0
[    0.000000] setup_percpu NR_CPUS:8192 nr_cpumask_bits:2 nr_cpu_ids:2 nr_node_ids:1
[    0.000000] percpu: Embedded 46 pages/cpu @        (ptrval) s151552 r8192 d28672 u1048576
[    0.000000] PV qspinlock hash table entries: 256 (order: 0, 4096 byts)
[    0.000000] Built 1 zonelists, mobility grouping on.  Total pages: 515961
[    0.000000] Policy zone: DMA32
[    0.000000] Kernel command line: BOOT_IMAGE=/boot/vmlinuz-4.15.0-38-generic root=LABEL=cloudimg-rootfs ro console=tty1 console=ttyS0
[    0.000000] Memory: 2015808K/209696K available (12300K kernel code, 2472K rwdata, 4248K rodata, 2408K init, 416K bss, 80888K reserved, 0K cma-reserved)
[    0.000000] SLUB: HWalign=64, Order=0-3, MinObjects=0, CPUs=2, Nodes=1
[    0.000000] Kernel/User page tables isolation: enabled
[    0.000000] ftrace: allocating 39175 entries in 154 pages[    0.004000] Hierarchical RCU implementation.
[    0.004000] 	RCU restricting CPUs from NR_CPUS=8192 to nr_cpu_ids=2.
[    0.004000] 	Tasks RCU enabled.
[    0.004000] RCU: Adjusting geometry for rcu_fanout_leaf=16, nr_cpu_ids=2
[    0.004000] NR_IRQS: 524544, nr_irqs: 440,, prellocated irqs: 16
[   0.004000] Console: colour VGA+ 80x25
[    0.004000] console [tty1] enabled
[    0.004000] console [ttyS0] enabled
[    0.004000] ACPI: Core revision 20170831
[    0.004000] ACPI: 2 ACPI AML tables successfully acquired andd loaded
    .0004000] APIC: Switch to symmetric I/O mode setup
[    0.004313] x2apic enabled
[    0.008005] Switched APIC routing to physical x2apic.
[    0.013124] ..TIMER: vector=0x30 apic1=0 pin1=2 apic2=-1 pin2=-1
[    0.016003] tsc: Detected 2600.000 MHz processor
[    0.020012] Calibrating delay loop (skipped) preset value.. 5200.00 BogoMIPS (lpj=10400000)
[    0.023689] pid_max: default: 32768 minimum: 301
[    0.024046] Security Framework initialized
[    0.028007] Yama: becoming mindful.
[    0.032038] AppArmor: AppArmor initialized
[    0.038081] Dentry cache hash table entries: 262144 (order: 9, 2097152 bytes)
[    0.041857] Inode-cache hash table entries: 131072 (order: 8, 1048576 bytes)
[    0.044033] Mount-cache hash table entries: 4096 (order: 3, 32768 bytes)
[    0.048013] Mountpoint-cache hash table entries: 4096 (order: 3, 32768 bytes)
[    0.052228] mce: CPU supports 0 MCE banks
[    0.054678] Last level iTLB entries: 4KB 1024, 2MB 1024, 4MB 1024
[    0.056003] Last level dTLB entries: 4KB 1024, 2MB 1024, 4MB 1024, 1GB 4
[    0.060028] Spectre V2 : Mitigation: Full generic retpoline
[    0.064004] Spectre V2 : Spectre v2 / SpectreRSB mitigation: Filling RSB on context switch
[    0.068002] Speculative Store Bypass: Vulnerable
[    0.070312] Freeing SMP alternatives memory: 36K
[    0.076000] smpboot: CPU0: Intel(R) Core(TM) i5-4278U CPU @ 2.60GHz (family: 0x6, model: 0x45, stepping: 0x1)
[    0.076086] Performance Events: unsupported p6 CPU model 69 no PMU driver, software events only.
[    0.080063] Hierarchical SRCU implementation.
[    0.084641] NMI watchdog: Perf event create on CPU 0 failed with -2
[    0.088005] NMI watchdog: Perf NMI watchdog permanently disabled
[    0.089861] smp: Bringing up secondary CPUs ...
[    0.092080] x86: Booting SMP configuration:
[    0.096004] .... node  #0, CPUs:      #1
[    0.004000] kvm-clock: cpu 1, msr 0:7ff44041, secondary cpu clock
[    0.004000] mce: CPU supports 0 MCE banks
[    0.104031] smp: Brought up 1 node, 2 CPUs
[    0.108018] smpboot: Max logical packages: 1
[    0.112006] smpboot: Total of 2 processors activated (10400.00 BogoMIPS)
[    0.116193] devtmpfs: initialized
[    0.120057] x86/mm: Memory block size: 128MB
[    0.121972] evm: security.selinux
[    0.124004] evm: security.SMACK64
[    0.125917] evm: security.SMACK64EXEC
[    0.128004] evm: security.SMACK64TRANSMUTE
[    0.129681] evm: security.SMACK64MMAP
[    0.132007] evm: security.apparmor
[    0.136007] evm: security.ima
[    0.140004] evm: security.capability
[    0.144110] clocksource: jiffies: mask: 0xffffffff max_cycles: 0xffffffff, max_idle_ns: 7645041785100000 ns
[    0.148564] futex hash table entries: 512 (order: 3, 32768 bytes)
[    0.152180] pinctrl core: initialized pinctrl subsystem
[    0.156143] RTC time: 14:32:10, date: 11/14/18
[    0.160076] NET: Registered protocol family 16
[    0.164130] audit: initializing netlink subsys (disabled)
[    0.166259] audit: type=2000 audit(1542205933.559:1): state=initialized audit_enabled=0 res=1
[    0.180010] cpuidle: using governor ladder
[    0.184011] cpuidle: using governor menu
[    0.186220] ACPI: bus type PCI registered
[    0.188006] acpiphp: ACPI Hot Plug PCI Controller Driver version: 0.5
[    0.191044] PCI: Using configuration type 1 for base access
[    0.197827] HugeTLB registered 2.00 MiB page size, pre-allocated 0 pages
[    0.200095] ACPI: Added _OSI(Module Device)
[    0.204006] ACPI: Added _OSI(Processor Device)
[    0.208004] ACPI: Added _OSI(3.0 _SCP Extensions)
[    0.209363] ACPI: Added _OSI(Processor Aggregator Device)
[    0.212008] ACPI: Added _OSI(Linux-Dell-Video)
[    0.216006] ACPI: Added _OSI(Linux-Lenovo-NV-HDMI-Audio)
[    0.220528] ACPI: Executed 1 blocks of module-level executable AML code
[    0.227666] ACPI: Interpreter enabled
[    0.228018] ACPI: (supports S0 S5)
[    0.232004] ACPI: Using IOAPIC for interrupt routing
[    0.234282] PCI: Using host bridge windows from ACPI; if necessary, use "pci=nocrs" and report a bug
[    0.236311] ACPI: Enabled 2 GPEs in block 00 to 07
[    0.249812] ACPI: PCI Root Bridge [PCI0] (domain 0000 [bus 00-ff])
[    0.252014] acpi PNP0A03:00: _OSC: OS supports [ASPM ClockPM Segments MSI]
[    0.255150] acpi PNP0A03:00: _OSC: not requesting OS control; OS requires [ExtendedConfig ASPM ClockPM MSI]
[    0.256016] acpi PNP0A03:00: fail to add MMCONFIG information, can't access extended PCI configuration space under this bridge.
[    0.260723] PCI host bridge to bus 0000:00
[    0.264131] pci_bus 0000:00: root bus resource [io  0x0000-0x0cf7 window]
[    0.266958] pci_bus 0000:00: root bus resource [io  0x0d00-0xffff window]
[    0.268011] pci_bus 0000:00: root bus resource [mem 0x000a0000-0x000bffff window]
[    0.271181] pci_bus 0000:00: root bus resource [mem 0x80000000-0xfdffffff window]
[    0.272010] pci_bus 0000:00: root bus resource [bus 00-ff]
[    0.282338] pci 0000:00:01.1: legacy IDE quirk: reg 0x10: [io  0x01f0-0x01f7]
[    0.284014] pci 0000:00:01.1: legacy IDE quirk: reg 0x14: [io  0x03f6]
[    0.288134] pci 0000:00:01.1: legacy IDE quirk: reg 0x18: [io  0x0170-0x0177]
[    0.292013] pci 0000:00:01.1: legacy IDE quirk: reg 0x1c: [io  0x0376]
[    0.375923] pci 0000:00:07.0: quirk: [io  0x4000-0x403f] claimed by PIIX4 ACPI
[    0.376041] pci 0000:00:07.0: quirk: [io  0x4100-0x410f] claimed by PIIX4 SMB
[    0.412042] ACPI: PCI Interrupt Link [LNKA] (IRQs 5 9 10 *11)
[    0.420121] ACPI: PCI Interrupt Link [LNKB] (IRQs 5 9 *10 11)
[    0.424186] ACPI: PCI Interrupt Link [LNKC] (IRQs 5 *9 10 11)
[    0.428197] ACPI: PCI Interrupt Link [LNKD] (IRQs 5 9 10 *11)
[    0.432435] SCSI subsystem initialized
[    0.436065] pci 0000:00:02.0: vgaarb: setting as boot VGA device
[    0.439445] pci 0000:00:02.0: vgaarb: VGA device added: decodes=io+mem,owns=io+mem,locks=none
[    0.440007] pci 0000:00:02.0: vgaarb: bridge control possible
[    0.442205] vgaarb: loaded
[    0.444036] ACPI: bus type USB registered
[    0.448143] usbcore: registered new interface driver usbfs
[    0.452014] usbcore: registered new interface driver hub
[    0.456060] usbcore: registered new device driver usb
[    0.457642] EDAC MC: Ver: 3.0.0
[    0.460451] PCI: Using ACPI for IRQ routing
[    0.464555] NetLabel: Initializing
[    0.468003] NetLabel:  domain hash size = 128
[    0.472003] NetLabel:  protocols = UNLABELED CIPSOv4 CALIPSO
[    0.476054] NetLabel:  unlabeled traffic allowed by default
[    0.480387] clocksource: Switched to clocksource kvm-clock
[    0.507196] VFS: Disk quotas dquot_6.6.0
[    0.509909] VFS: Dquot-cache hash table enties:512 (order 0, 4096 bytes)
[    0.561313] AppArmor: AppArmr Filesystem Enaled
[    0.611125]pnp: PnP ACPI init
[    0.638955] pn: PnP ACPI: found 3 devices

[   0.678279] clocksource:acpi_pm: mask: 0xfffff max_ycles: 0xfffff, max_idle_ns: 20701024 ns
[    0.849316] NET: Registered protocol amily 2

[    0.875001] TCP established hash tabl entries: 1384 (order: 5, 131072 bytes)

[    0.92634] TCP bind hsh table entries: 16384(order: 6, 262144 bytes)
[    1.09487] TCP: Hashtables confgured (established 16384 bind 16384)
[    1.092819] UDPhash table entries 1024 (order: 3 32768 bytes)
[    1.166078] UDP-Lite hash tble entries: 1024 (rder: 3, 32768 byte)
[    1.240752] NET: Registered protocol family1
[    1.266128] pci 0000:0:00.0: Limiting direct CI/PCI transfers
[   1.316473] pci 000000:01.0: Activating IA DMA hang workaround
[    1.415935] pci 00000:02.0: Video device with shadowed ROM at [mem 0x000c000-0x000dffff]
    1.530208] Unacking initramfs..

[    1.911109] Freeing initrd memory: 18968K
[    1.920892] platform rtc_cmos: registered platform RTC device (no PNP device found)
[    1.954557] Scanning for low memory corruption every 60 seconds
[    1.960595] Initialise system trusted keyrings
[    1.969179] Key type blacklist registered
[    1.980872] workingset: timestamp_bits=36 max_order=19 bucket_order=0
[    2.005751] zbud: loaded
[    2.007798] squashfs: version 4.0 (2009/01/31) Phillip Lougher
[    2.014246] fuse init (API version 7.26)
[    2.022352] Key type asymmetric registered
[    2.023575] Asymmetric key parser 'x509' registered
[    2.025063] Block layer SCSI generic (bsg) driver version 0.4 loaded (major 246)
[    2.027369] io scheduler noop registered
[    2.028622] io scheduler deadline registered
[    2.030362] io scheduler cfq registered (default)
[    2.032320] ACPI: AC Adapter [AC] (on-line)
[    2.033591] input: Power Button as /devices/LNXSYSTM:00/LNXPWRBN:00/input/input0
[    2.035764] ACPI: Power Button [PWRF]
[    2.037524] input: Sleep Button as /devices/LNXSYSTM:00/LNXSLPBN:00/input/input1
[    2.062490] ACPI: Sleep Button [SLPF]
[    2.070686] ACPI: Battery Slot [BAT0] (battery present)
[    2.076643] Serial: 8250/16550 driver, 32 ports, IRQ sharing enabled
[    2.106953] 00:02: ttyS0 at I/O 0x3f8 (irq = 4, base_baud = 115200) is a 16550A
[    2.135853] Linux agpgart interface v0.103
[    2.142091] loop: module loaded
[    2.149690] scsi host0: ata_piix
[    2.151423] scsi host1: ata_piix
[    2.152448] ata1: PATA max UDMA/33 cmd 0x1f0 ctl 0x3f6 bmdma 0xd000 irq 14
[    2.154374] ata2: PATA max UDMA/33 cmd 0x170 ctl 0x376 bmdma 0xd008 irq 15
[    2.180264] libphy: Fixed MDIO Bus: probed
[    2.185537] tun Universal TUN/TA devic drier, 1.6

[    2.282884] PPP generic driver version 2.4.2
[    2.285733] ehci_hcd: USB 2.0 'Enhanced' Host Controller (EHCI) Driver
[    2.293476] ehci-pci: EHCI PCI platform driver
[    2.300815] ehci-platform: EHCI generic platform driver
[    2.330801] ohci_hcd: USB 1.1 'Open' Host Controller (OHCI) Driver
[    2.341713] ohci-pci: OHCI PCI platform driver
[    2.343737] ohci-platform: OHCI generic platform driver
[    2.372905] uhci_hcd: USB Universal Host Controller Interface drier
[    2.402705] i042: PNP: PS/2 Controller [PNP0303PS2K,PNP0f03:PS2M] at 0x6,0x64 irq 1,12
[    2.502756] srio: i8042 KD port at 0x60,0x4 irq 1
[    2.579333] serio: i8042 AUX port at 0x60,0x64 irq 12

[    2.582173] mousedev: PS/2 mouse device common for all mice
[    2.586267] rtc_cmos rtc_cmos: rtc core: registered rtc_cmos as rtc0
[    2.591365] rtc_cmos rtc_cmos: alarms up to one day, 114 bytes nvram
[    2.595341] input: AT Translated Set 2 keyboard as /devices/platform/i8042/serio0/input/input2
[    2.596191] i2c /dev entries driver
[    2.596247] pcie_mp2_amd: AMD(R) PCI-E MP2 Communication Driver Version: 1.0
[    2.596486] device-mapper: uevent: version 1.0.3
[    2.596619] device-mapper: ioctl: 4.37.0-ioctl (2017-09-20) initialised: dm-devel@redhat.com
[    2.632799] ledtrig-cpu: registered to indicate activity on CPUs
[    2.639482] NET: Registered protocol family 10
[    2.651871] Segment Routing with IPv6
[    2.665880] NET: Registered protocol family 17
[    2.670168] Key type dns_resolver registered
[    2.687767] RAS: Correctable Errors collector initialized.
[    2.690194] sched_clock: Marking stable (2690156756, 0)->(5776045377, -3085888621)
[    2.701499] registered taskstats version 1
[    2.710248] Loading compiled-in X.509 certificates
[    2.719851] Loaded X.509 cert 'Build time autogenerated kernel key: f3a9ae7fdf18cf897e7c53db8499a9c1252f0be9'
[    2.740721] zswap: loaded using pool lzo/zbud
[    2.753848] Key type big_key registered
[    2.757830] Key type trusted registered
[    2.762933] Key type encrypted registered
[    2.769065] AppArmor: AppArmor sha1 policy hashing enabled
[    2.776910] ima: No TPM chip found, activating TPM-bypass! (rc=-19)
[    2.785702] ima: Allocated hash algorithm: sha1
[    2.789121] evm: HMAC attrs: 0x1
[    2.791198]   Magic number: 10:46:536
[    2.793308] tty ttyS16: hash matches
[    2.798029] rtc_cmos rtc_cmos: setting system clock to 2018-11-14 14:32:12 UTC (1542205932)
[    2.815791] BIOS EDD facility v0.16 2004-Jun-25, 0 devices found
[    2.821228] EDD information not available.
[    2.832935] Freeing unused kernel memory: 2408K
[    2.852458] Write protecting the kernel read-only data: 20480k
[    2.874800] Freeing unused kernel memory: 2008K
[    2.905981] Freeing unused kernel memory: 1896K
[    2.924590] x86/mm: Checked W+X mappings: passed, no W+X pages found.
[    2.929651] x86/mm: Checking user space page tables
[    2.944367] x86/mm: Checked W+X mappings: passed, no W+X pages found.
[    2.944477] tsc: Refined TSC clocksource calibration: 2600.127 MHz
[    2.944483] clocksource: tsc: mask: 0xffffffffffffffff max_cycles: 0x257ab4387c0, max_idle_ns: 440795285107 ns
Loading, please wait...
starting version 237
[    3.039415] e1000: Intel(R) PRO/1000 Network Driver - version 7.3.21-k8-NAPI
[    3.043010] e1000: Copyright (c) 1999-2006 Intel Corporation.
[    3.043064] Fusion MPT base driver 3.04.20
[    3.043064] Copyright (c) 1999-2008 LSI Corporation
[    3.073147] Fusion MPT SPI Host driver 3.04.20
[    3.081162] AVX2 version of gcm_enc/dec engaged.
[    3.082645] AES CTR mode by8 optimization enabled
[    3.293169] input: ImExPS/2 Generic Explorer Mouse as /devices/platform/i8042/serio1/input/input4
[    3.513435] e1000 0000:00:03.0 eth0: (PCI:33MHz:32-bit) 02:85:b4:6d:51:fa
[    3.520198] e1000 0000:00:03.0 eth0: Intel(R) PRO/1000 Network Connection
[    4.436031] e1000 0000:00:08.0 eth1: (PCI:33MHz:32-bit) 08:00:27:73:b7:8e
[    5.008828] e1000 0000:00:08.0 eth1: Intel(R) PRO/1000 Network Connection
[    5.014789] e1000 0000:00:03.0 enp0s3: renamed from eth0
[    5.017453] mptbase: ioc0: Initiating bringup
[    5.036229] e1000 0000:00:08.0 enp0s8: renamed from eth1
[    5.120977] ioc0: LSI53C1030 A0: Capabilities={Initiator}
[    5.651727] scsi host2: ioc0: LSI53C1030 A0, FwRev=00000000h, Ports=1, MaxQ=256, IRQ=20
[    6.209414] scsi 2:0:0:0: Direct-Access     VBOX     HARDDISK         1.0  PQ: 0 ANSI: 5
[    6.458790] scsi target2:0:0: Beginning Domain Validation
[    7.011227] scsi target2:0:0: Domain Validation skipping write tests
[    7.112843] scsi target2:0:0: Ending Domain Validation
[    7.117840] scsi target2:0:0: asynchronous
[    7.119731] scsi 2:0:1:0: Direct-Access     VBOX     HARDDISK         1.0  PQ: 0 ANSI: 5
[    7.156238] scsi target2:0:1: Beginning Domain Validation
[    7.161044] random: fast init done
[    7.170922] scsi target2:0:1: Domain Validation skipping write tests
[    7.457071] scsi target2:0:1: Ending Domain Validation
[    7.460764] scsi target2:0:1: asynchronous
[    7.974317] random: systemd-udevd: uninitialized urandom read (16 bytes read)
[    7.984833] random: systemd-udevd: uninitialized urandom read (16 bytes read)
[    7.984941] sd 2:0:0:0: Attached scsi generic sg0 type 0
[    7.993022] sd 2:0:0:0: [sda] 20971520 512-byte logical blocks: (10.7 GB/10.0 GiB)
[    7.993206] sd 2:0:1:0: Attached scsi generic sg1 type 0
[    7.994150] sd 2:0:0:0: [sda] Write Protect is off
[    7.994350] sd 2:0:0:0: [sda] Incomplete mode parameter data
[    7.994352] sd 2:0:0:0: [sda] Assuming drive cache: write through
[    7.994658] sd 2:0:1:0: [sdb] 20480 512-byte logical blocks: (10.5 MB/10.0 MiB)
[    7.994991] sd 2:0:1:0: [sdb] Write Protect is off
[    7.996608] sd 2:0:1:0: [sdb] Incomplete mode parameter data
[    7.996610] sd 2:0:1:0: [sdb] Assuming drive cache: write through
[    7.999323]  sda: sda1
[    8.000553] sd 2:0:0:0: [sda] Attached SCSI disk
[    8.002337] sd 2:0:1:0: [sdb] Attached SCSI disk
[    8.074246] random: systemd-udevd: uninitialized urandom read (16 bytes read)
Begin: Loading essential drivers ... [    9.624089] raid6: sse2x1   gen()  9830 MB/s
[    9.684341] raid6: sse2x1   xor()  5998 MB/s
[    9.736040] raid6: sse2x2   gen() 11510 MB/s
[    9.788259] raid6: sse2x2   xor()  7562 MB/s
[    9.840316] raid6: sse2x4   gen() 13681 MB/s
[    9.892027] raid6: sse2x4   xor()  8453 MB/s
[    9.952225] raid6: avx2x1   gen() 19266 MB/s
[   10.004265] raid6: avx2x1   xor() 12947 MB/s
[   10.052279] raid6: avx2x2   gen() 20714 MB/s
[   10.104232] raid6: avx2x2   xor() 13442 MB/s
[   10.156259] raid6: avx2x4   gen() 25205 MB/s
[   10.216209] raid6: avx2x4   xor() 15417 MB/s
[   10.221094] raid6: using algorithm avx2x4 gen() 25205 MB/s
[   10.232929] raid6: .... xor() 15417 MB/s, rmw enabled
[   10.238367] raid6: using avx2x2 recovery algorithm
[   10.247095] xor: automatically using best checksumming function   avx       
[   10.262623] async_tx: api initialized (async)
done.
Begin: Running /scripts/init-premount ... done.
Begin: Mounting root file system ... Begin: Running /scripts/local-top ... done.
Begin: Running /scripts/local-premount ... [   10.316779] Btrfs loaded, crc32c=crc32c-intel
Scanning for Btrfs filesystems
done.
Warning: fsck not present, so sk[   10.421239] EXT4-fs (sda1): mounted filesystem with ordered data mode. Opts: (null)
ipping root file system
done.
Begin: Running /scripts/local-bottom ... done.
Begin: Running /scripts/init-bottom ... done.
[   10.716735] ip_tables: (C) 2000-2006 Netfilter Core Team
[   10.734501] systemd[1]: systemd 237 running in system mode. (+PAM +AUDIT +SELINUX +IMA +APPARMOR +SMACK +SYSVINIT +UTMP +LIBCRYPTSETUP +GCRYPT +GNUTLS +ACL +XZ +LZ4 +SECCOMP +BLKID +ELFUTILS +KMOD -IDN2 +IDN -PCRE2 default-hierarchy=hybrid)
[   10.783654] systemd[1]: Detected virtualization oracle.
[   10.792465] systemd[1]: Detected architecture x86-64.

Welcome to [1mUbuntu 18.04.1 LTS[0m!

[   10.818954] systemd[1]: Set hostname to <vm>.
[   11.189889] systemd[1]: Created slice System Slice.
[[0;32m  OK  [0m] Created slice System Slice.
[   11.220546] systemd[1]: Listening on udev Kernel Socket.
[[0;32m  OK  [0m] Listening on udev Kernel Socket.
[   11.242406] systemd[1]: Listening on udev Control Socket.
[[0;32m  OK  [0m] Listening on udev Control Socket.
[   11.265049] systemd[1]: Listening on LVM2 metadata daemon socket.
[[0;32m  OK  [0m] Listening on LVM2 metadata daemon socket.
[   11.301227] systemd[1]: Created slice system-serial\x2dgetty.slice.
[[0;32m  OK  [0m] Created slice system-serial\x2dgetty.slice.
[   11.345144] systemd[1]: Listening on Journal Socket (/dev/log).
[[0;32m  OK  [0m] Listening on Journal Socket (/dev/log).
[[0;32m  OK  [0m] Listening on Network Service Netlink Socket.
[[0;32m  OK  [0m] Listening on Journal Socket.
         Starting Create list of required st…ce nodes for the current kernel...
         Mounting POSIX Message Queue File System...
         Mounting Huge Pages File System...
[[0;32m  OK  [0m] Created slice User and Session Slice.
[[0;32m  OK  [0m] Listening on /dev/initctl Compatibility Named Pipe.
[[0;32m  OK  [0m] Reached target System Time Synchronized.
[[0;32m  OK  [0m] Listening on Journal Audit Socket.
[[0;32m  OK  [0m] Listening on Syslog Socket.
         Starting udev Coldplug all Devices...
[[0;32m  OK  [0m] Set up automount Arbitrary Executab…rmats File System Automount Point.
         Starting Set the console keyboard layout...
         Starting Remount Root and Kernel File Systems...
[   11.575206] EXT4-fs (sda1): re-mounted. Opts: (null)
[[0;32m  OK  [0m] Reached target User and Group Name Lookups.
         Mounting Kernel Debug File System...
         Starting Journal Service...
[[0;32m  OK  [0m] Reached target Swap.
         Starting Load Kernel Modules...
[[0;32m  OK  [0m] Listening on LVM2 poll daemon socket.
[[0;32m  OK  [0m] Started Forward Password Requests to Wall Directory Watch.
[   12.085262] Loading iSCSI transport class v2.0-870.
         Starting Uncomplicated firewall...
[[0;32m  OK  [0m] Reached target Slices.
[   12.096728] iscsi: registered transport (tcp)
[[0;32m  OK  [0m] Listening on Device-mapper event daemon FIFO[   12.118287] iscsi: registered transport (iser)
s.
         Starting Monitoring of LVM2 mirrors…ng dmeventd or progress polling...
[[0;32m  OK  [0m] Started Journal Service.
[[0;32m  OK  [0m] Started Create list of required sta…vice nodes for the current kernel.
[[0;32m  OK  [0m] Mounted POSIX Message Queue File System.
[[0;32m  OK  [0m] Mounted Huge Pages File System.
[[0;32m  OK  [0m] Started Set the console keyboard layout.
[[0;32m  OK  [0m] Started Remount Root and Kernel File Systems.
[[0;32m  OK  [0m] Mounted Kernel Debug File System.
[[0;32m  OK  [0m] Started Load Kernel Modules.
[[0;32m  OK  [0m] Started Uncomplicated firewall.
[[0;32m  OK  [0m] Started udev Coldplug all Devices.
[[0;32m  OK  [0m] Started LVM2 metadata daemon.
         Starting Apply Kernel Variables...
         Mounting FUSE Control File System...
         Mounting Kernel Configuration File System...
         Starting Initial cloud-init job (pre-networking)...
         Starting Load/Save Random Seed...
         Starting Create Static Device Nodes in /dev...
         Starting Flush Journal to Persistent Storage...
[[0;32m  OK  [0m] Started Monitoring of LVM2 mirrors,…sing dmeventd or progress polling.
[[0;32m  OK  [0m] Started Apply Kernel Variables.
[[0;32m  OK  [0m] Mounted FUSE Control File System.
[[0;32m  OK  [0m] Mounted Kernel Configuration File System.
[[0;32m  OK  [0m] Started Load/Save Random Seed.
[[0;32m  OK  [0m] Started Create Static Device Nodes in /dev.
         Starting udev Kernel Device Manager...
[[0;32m  OK  [0m] Reached target Local File Systems (Pre).
[[0;32m  OK  [0m] Reached target Local File Systems.
         Starting AppArmor initialization...
         Starting ebtables ruleset management...
         Starting Tell Plymouth To Write Out Runtime Data...
         Starting Set console font and keymap...
[[0;32m  OK  [0m] Started udev Kernel Device Manager.
[[0;32m  OK  [0m] Started Dispatch Password Requests to Console Directory Watch.
[[0;32m  OK  [0m] Reached target Local Encrypted Volumes.
[[0;32m  OK  [0m] Started Tell Plymouth To Write Out Runtime Data.
[[0;32m  OK  [0m] Started Set console font and keymap.
[[0;32m  OK  [0m] Started Flush Journal to Persistent Storage.
         Starting Create Volatile Files and Directories...
[[0;32m  OK  [0m] Started Create Volatile Files and Directories.
         Starting Update UTMP about System Boot/Shutdown...
[[0;32m  OK  [0m] Started ebtables ruleset management.
[[0;32m  OK  [0m] Started Update UTMP about System Boot/Shutdown.
[[0;32m  OK  [0m] Found device /dev/ttyS0.
[[0;32m  OK  [0m] Listening on Load/Save RF Kill Switch Status /dev/rfkill Watch.
[[0;32m  OK  [0m] Started AppArmor initialization.
[   14.520045] cloud-init[423]: Cloud-init v. 18.4-0ubuntu1~18.04.1 running 'init-local' at Wed, 14 Nov 2018 14:32:23 +0000. Up 14.29 seconds.
[[0;32m  OK  [0m] Started Initial cloud-init job (pre-networking).
[[0;32m  OK  [0m] Reached target Network (Pre).
         Starting Network Service...
[[0;32m  OK  [0m] Started Network Service.
         Starting Network Name Resolution...
         Starting Wait for Network to be Configured...
[[0;32m  OK  [0m] Started Network Name Resolution.
[[0;32m  OK  [0m] Reached target Network.
[[0;32m  OK  [0m] Reached target Host and Network Name Lookups.
[[0;32m  OK  [0m] Started Wait for Network to be Configured.
         Starting Initial cloud-init job (metadata service crawler)...
[   17.365754] cloud-init[653]: Cloud-init v. 18.4-0ubuntu1~18.04.1 running 'init' at Wed, 14 Nov 2018 14:32:26 +0000. Up 17.03 seconds.
[   17.377013] cloud-init[653]: ci-info: ++++++++++++++++++++++++++++++++++++++Net device info+++++++++++++++++++++++++++++++++++++++
[   17.383140] cloud-init[653]: ci-info: +--------+------+-----------------------------+---------------+--------+-------------------+
[   17.387108] cloud-init[653]: ci-info: | Device |  Up  |           Address           |      Mask     | Scope  |     Hw-Address    |
[   17.407312] cloud-init[653]: ci-info: +--------+------+-----------------------------+---------------+--------+-------------------+
[   17.413026] cloud-init[653]: ci-info: | enp0s3 | True |          10.0.2.15          | 255.255.255.0 | global | 02:85:b4:6d:51:fa |
[   17.418641] cloud-init[653]: ci-info: | enp0s3 | True |  fe80::85:b4ff:fe6d:51fa/64 |       .       |  link  | 02:85:b4:6d:51:fa |
[   17.425200] cloud-init[653]: ci-info: | enp0s8 | True |        192.168.33.10        | 255.255.255.0 | global | 08:00:27:73:b7:8e |
[[0;32m  OK  [0m] Started Initial cloud-init job (metadata service crawler).
[[0;32m  OK  [0m] Reached target System Initialization.
[   17.461577] cloud-init[[0;32m  OK  [0m] Started Discard unused blocks once a week.
[[0;32m  OK  [0m] Started Clean PHP session files every 30 mins.
[[0;32m  OK  [0m] Listening on Open-iSCSI iscsid Socket.
[653]: ci-info: | enp0s8 | True | fe80::a00:27ff:fe73:b78e/64 |       .       |  link  | 08:00:27:73:b7:8e |
[[0;32m  OK  [0m] Started Message of the Day.
[   17.541093] [[0;32m  OK  [0m] Listening on UUID daemon activation socket.
cloud-init[653]: ci-info: |   lo   | True |          127.0.0.1          |   255.0.0.0   |  host  |         .         |
         Starting LXD - unix socket.
[   17.579189] cloud-init[653]: ci-info: |   lo   | True |           ::1/128           |       .       |  host  |         .         |
[[0;32m  OK  [0m] Started ACPI Events Check.
[[0;32m  OK  [0m] Started Daily apt download activities.
[[0;32m  OK  [0m] Started Daily apt upgrade and clean activities.
[   17.610794] cloud-init[653]: ci-info: +--------+------+-----------------------------+---------------+--------+-------------------+
[[0;32m  OK  [0m] Reached target Paths.
[[0;32m  OK  [0m] Listening on ACPID Listen Socket.
[   17.658524] [[0;32m  OK  [0m] Started Daily Cleanup of Temporary Directories.
[[0;32m  OK  [0m] Reached target Timers.
cloud-init[653]: ci-info: +++++++++++++++++++++++++++++Route IPv4 info+++++++++++++++++++++++++++++
         Starting Socket activation for snappy daemon.
[   17.709942] cloud-init[653]: ci-info: +-------+--------------+----------+-----------------+-----------+-------+
[[0;32m  OK  [0m] Listening on D-Bus System Message Bus Socket.
[[0;32m  OK  [0m] Reached target Cloud-config availability.
[   17.754460] cloud-init[653]: ci-info: | Route | Destination  | Gateway  |     Genmask     | Interface | Flags |
[   17.764666] cloud-init[653]: ci-info: +-------+--------------+----------+-----------------+-----------+-------+
[   17.766130] cloud-init[653]: ci-info: |   0   |   0.0.0.0    | 10.0.2.2 |     0.0.0.0     |   enp0s3  |   UG  |
[   17.767158] cloud-init[653]: ci-info: |   1   |   10.0.2.0   | 0.0.0.0  |  255.255.255.0  |   enp0s3  |   U   |
[   17.768896] cloud-init[653]: ci-info: |   2   |   10.0.2.2   | 0.0.0.0  | 255.255.255.255 |   enp0s3  |   UH  |
[   17.768957] cloud-init[653]: ci-info: |   3   | 192.168.33.0 | 0.0.0.0  |  255.255.255.0  |   enp0s8  |   U   |
[   17.769001] cloud-init[653]: ci-info: +-------+--------------+----------+-----------------+-----------+-------+
[   17.769040] cloud-init[653]: ci-info: +++++++++++++++++++Route IPv6 info+++++++++++++++++++
[   17.769159] cloud-init[653]: ci-info: +-------+-------------+---------+-----------+-------+
[   17.769212] cloud-init[653]: ci-info: | Route | Destination | Gateway | Interface | Flags |
[   17.769253] cloud-init[653]: ci-info: +-------+-------------+---------+-----------+-------+
[   17.769287] cloud-init[653]: ci-info: |   1   |  fe80::/64  |    ::   |   enp0s8  |   U   |
[   17.769320] cloud-init[653]: ci-info: |   2   |  fe80::/64  |    ::   |   enp0s3  |   U   |
[   17.769353] cloud-init[653]: ci-info: |   4   |    local    |    ::   |   enp0s3  |   U   |
[   17.769390] cloud-init[653]: ci-info: |   5   |    local    |    ::   |   enp0s8  |   U   |
[   17.769429] cloud-init[653]: ci-info: |   6   |   ff00::/8  |    ::   |   enp0s8  |   U   |
[   17.769462] cloud-init[653]: ci-info: |   7   |   ff00::/8  |    ::   |   enp0s3  |   U   |
[   17.769510] cloud-init[653]: ci-info: +-------+-------------+---------+-----------+-------+
[[0;32m  OK  [0m] Reached target Network is Online.
[[0;32m  OK  [0m] Reached target Remote File Systems (Pre).
[[0;32m  OK  [0m] Reached target Remote File Systems.
         Starting Availability of block devices...
[[0;32m  OK  [0m] Listening on LXD - unix socket.
[[0;32m  OK  [0m] Listening on Socket activation for snappy daemon.
[[0;32m  OK  [0m] Started Availability of block devices.
[[0;32m  OK  [0m] Reached target Sockets.
[[0;32m  OK  [0m] Reached target Basic System.
         Starting LSB: automatic crash report generation...
[[0;32m  OK  [0m] Started Deferred execution scheduler.
         Starting System Logging Service...
[[0;32m  OK  [0m] Started Regular background program processing daemon.
         Starting Accounts Service...
         Starting Dispatcher daemon for systemd-networkd...
[[0;32m  OK  [0m] Started D-Bus System Message Bus.
[[0;32m  OK  [0m] Started Unattended Upgrades Shutdown.
[[0;32m  OK  [0m] Started FUSE filesystem for LXC.
         Starting Permit User Sessions...
         Starting The PHP 7.2 FastCGI Process Manager...
         Starting Login Service...
         Starting Virtualbox guest utils...
[[0;32m  OK  [0m] Started irqbalance daemon.
         Starting OpenBSD Secure Shell server...
         Starting Snappy daemon...
         Starting LSB: Record successful boot for GRUB...
         Starting LXD - container startup/shutdown...
[[0;32m  OK  [0m] Started System Logging Service.
[[0;32m  OK  [0m] Started Permit User Sessions.
[[0;32m  OK  [0m] Started OpenBSD Secure Shell server.
[[0;32m  OK  [0m] Started The PHP 7.2 FastCGI Process Manager.
[[0;32m  OK  [0m] Started Login Service.
         Starting Authorization Manager...
         Starting Hold until boot process finishes up...
         Starting Terminate Plymouth Boot Screen...
[[0;32m  OK  [0m] Started Hold until boot process finishes up.
[[0;32m  OK  [0m] Started LSB: automatic crash report generation.
[[0;32m  OK  [0m] Started Terminate Plymouth Boot Screen.
         Starting Set console scheme...
[[0;32m  OK  [0m] Started Serial Getty on ttyS0.
[[0;32m  OK  [0m] Started Dispatcher daemon for systemd-networkd.
[[0;32m  OK  [0m] Started Set console scheme.
[[0;32m  OK  [0m] Created slice system-getty.slice.
[[0;32m  OK  [0m] Started Getty on tty1.
[[0;32m  OK  [0m] Reached target Login Prompts.
[[0;32m  OK  [0m] Started Authorization Manager.
[[0;32m  OK  [0m] Started Accounts Service.
[[0;32m  OK  [0m] Started Snappy daemon.
[[0;32m  OK  [0m] Started Virtualbox guest utils.
[[0;32m  OK  [0m] Started LSB: Record successful boot for GRUB.
         Starting Wait until snapd is fully seeded...
[[0;32m  OK  [0m] Started Wait until snapd is fully seeded.
[[0;32m  OK  [0m] Started LXD - container startup/shutdown.
[[0;32m  OK  [0m] Reached target Multi-User System.
[[0;32m  OK  [0m] Reached target Graphical Interface.
         Starting Update UTMP about System Runlevel Changes...
         Starting Apply the settings specified in cloud-config...
[[0;32m  OK  [0m] Started Update UTMP about System Runlevel Changes.
[   20.214206] cloud-init[1069]: Cloud-init v. 18.4-0ubuntu1~18.04.1 running 'modules:config' at Wed, 14 Nov 2018 14:32:29 +0000. Up 20.02 seconds.
[[0;32m  OK  [0m] Started Apply the settings specified in cloud-config.
         Starting Execute cloud user/final scripts...
[   20.811657] cloud-init[1112]: Cloud-init v. 18.4-0ubuntu1~18.04.1 running 'modules:final' at Wed, 14 Nov 2018 14:32:30 +0000. Up 20.69 seconds.
[   20.870659] cloud-init[1112]: Cloud-init v. 18.4-0ubuntu1~18.04.1 finished at Wed, 14 Nov 2018 14:32:30 +0000. Datasource DataSourceNoCloud [seed=/dev/sdb][dsmode=net].  Up 20.80 seconds
[[0;32m  OK  [0m] Started Execute cloud user/final scripts.
[[0;32m  OK  [0m] Reached target Cloud-init target.

Ubuntu 18.04.1 LTS vm ttyS0

vm login: 